<?xml version="1.0" encoding="UTF-8"?>
<!-- Generated by org.testng.reporters.JUnitReportReporter -->
<testsuite skipped="0" hostname="LAPTOP-D487ETE2" name="demotest.AssertTest" tests="1" failures="0" timestamp="04 Sep 2019 08:56:38 GMT" time="14.225" errors="0">
  <testcase name="checkAssert" time="14.225" classname="demotest.AssertTest"/>
</testsuite> <!-- demotest.AssertTest -->
