<?xml version="1.0" encoding="UTF-8"?>
<!-- Generated by org.testng.reporters.JUnitReportReporter -->
<testsuite skipped="0" hostname="LAPTOP-D487ETE2" name="demotest.BrowserTest" tests="2" failures="0" timestamp="26 Aug 2019 16:59:03 GMT" time="29.982" errors="0">
  <testcase name="HomePage" time="15.389" classname="demotest.BrowserTest"/>
  <testcase name="HomePage" time="14.593" classname="demotest.BrowserTest"/>
</testsuite> <!-- demotest.BrowserTest -->
