<?xml version="1.0" encoding="UTF-8"?>
<!-- Generated by org.testng.reporters.JUnitReportReporter -->
<testsuite skipped="0" hostname="LAPTOP-D487ETE2" name="demotest.LoanTest" tests="1" failures="0" timestamp="24 Aug 2019 12:05:42 GMT" time="0.001" errors="0">
  <testcase name="demo" time="0.001" classname="demotest.LoanTest"/>
</testsuite> <!-- demotest.LoanTest -->
